<?xml version="1.0" encoding="UTF-8"?>
<!-- Generated by org.testng.reporters.JUnitReportReporter -->
<testsuite hostname="DESKTOP-HDJ8QBL" failures="0" tests="1" name="test.ShoppingCartLinkTest" time="58.335" errors="0" timestamp="2024-06-18T10:15:08 GMT-07:00" skipped="0">
  <testcase classname="test.ShoppingCartLinkTest" name="verifyIfUserIsAbleToClickOnShoppingCart" time="58.335"/>
</testsuite> <!-- test.ShoppingCartLinkTest -->
