<?xml version="1.0" encoding="UTF-8"?>
<!-- Generated by org.testng.reporters.JUnitReportReporter -->
<testsuite hostname="DESKTOP-HDJ8QBL" failures="0" tests="1" name="test.LoginTest" time="58.637" errors="0" timestamp="2024-06-23T09:39:24 GMT-07:00" skipped="0">
  <testcase classname="test.LoginTest" name="verifyIsUserIsAbleToLogin" time="58.637"/>
</testsuite> <!-- test.LoginTest -->
