<?xml version="1.0" encoding="UTF-8"?>
<!-- Generated by org.testng.reporters.JUnitReportReporter -->
<testsuite hostname="DESKTOP-HDJ8QBL" failures="0" tests="1" name="test.CartTest" time="87.259" errors="0" timestamp="2024-06-24T12:28:20 GMT-07:00" skipped="0">
  <testcase classname="test.CartTest" name="verifyIfUserIsAbleToFillShippingAddressForm" time="87.259"/>
</testsuite> <!-- test.CartTest -->
