<?xml version="1.0" encoding="UTF-8"?>
<!-- Generated by org.testng.reporters.JUnitReportReporter -->
<testsuite hostname="DESKTOP-HDJ8QBL" failures="0" tests="1" name="test.ProductSearchTest" time="35.197" errors="0" timestamp="2024-06-18T15:43:54 GMT-07:00" skipped="0">
  <testcase classname="test.ProductSearchTest" name="verifyIfUserIsAbleToClickOnLoginLink" time="35.197"/>
</testsuite> <!-- test.ProductSearchTest -->
