<?xml version="1.0" encoding="UTF-8"?>
<!-- Generated by org.testng.reporters.JUnitReportReporter -->
<testsuite hostname="DESKTOP-HDJ8QBL" failures="0" tests="5" name="test.ProductSearchTest" time="81.959" errors="0" timestamp="2024-06-23T17:48:36 GMT-07:00" skipped="0">
  <testcase classname="test.ProductSearchTest" name="verifyIfUserIsAbleToSearchProduct" time="17.276"/>
  <testcase classname="test.ProductSearchTest" name="verifyIfUserIsAbleToDisplayShoppingCategories" time="20.649"/>
  <testcase classname="test.ProductSearchTest" name="verifyIfUserIsAbleToClickOnLoginLink" time="11.088"/>
  <testcase classname="test.ProductSearchTest" name="verifyIfUserIsAbleToClickOnShoppingCart" time="12.926"/>
  <testcase classname="test.ProductSearchTest" name="verifyIfUserIsAbleToClickOnTrackOrderLink" time="20.020"/>
</testsuite> <!-- test.ProductSearchTest -->
