<?xml version="1.0" encoding="UTF-8"?>
<!-- Generated by org.testng.reporters.JUnitReportReporter -->
<testsuite hostname="DESKTOP-HDJ8QBL" failures="0" tests="1" name="test.ViewProductDetailsTest" time="51.616" errors="0" timestamp="2024-06-19T22:28:10 GMT-07:00" skipped="0">
  <testcase classname="test.ViewProductDetailsTest" name="verifyIfUserIsAbleToViewProductDetailsByClickOnProduct" time="51.616"/>
</testsuite> <!-- test.ViewProductDetailsTest -->
