<?xml version="1.0" encoding="UTF-8"?>
<!-- Generated by org.testng.reporters.JUnitReportReporter -->
<testsuite hostname="DESKTOP-HDJ8QBL" failures="0" tests="1" name="test.ShoppingCategoriesTest" time="26.594" errors="0" timestamp="2024-06-16T16:34:42 GMT-07:00" skipped="0">
  <testcase classname="test.ShoppingCategoriesTest" name="verifyIfUserIsAbleToDisplayShoppingCategories" time="26.594"/>
</testsuite> <!-- test.ShoppingCategoriesTest -->
