<?xml version="1.0" encoding="UTF-8"?>
<!-- Generated by org.testng.reporters.JUnitReportReporter -->
<testsuite hostname="DESKTOP-HDJ8QBL" failures="0" tests="1" name="test.loginLinkTest" time="17.162" errors="0" timestamp="2024-06-16T15:52:03 GMT-07:00" skipped="0">
  <testcase classname="test.loginLinkTest" name="verifyIfUserIsAbleToClickOnLoginLink" time="17.162"/>
</testsuite> <!-- test.loginLinkTest -->
