<?xml version="1.0" encoding="UTF-8"?>
<!-- Generated by org.testng.reporters.JUnitReportReporter -->
<testsuite hostname="DESKTOP-HDJ8QBL" failures="0" tests="1" name="test.trackOrderLinkTest" time="16.775" errors="0" timestamp="2024-06-16T16:21:31 GMT-07:00" skipped="0">
  <testcase classname="test.trackOrderLinkTest" name="verifyIfUserIsAbleToClickOnTrackOrderLink" time="16.775"/>
</testsuite> <!-- test.trackOrderLinkTest -->
